dpc-android/app/build/intermediates/manifest_merge_blame_file/release/processReleaseMainManifest/manifest-merger-blame-release-report.txt
1<?xml version="1.0" encoding="utf-8"?>
2<manifest xmlns:android="http://schemas.android.com/apk/res/android"
3    package="com.rental.dpc"
4    android:versionCode="2"
5    android:versionName="1.1" >
6
7    <uses-sdk
8        android:minSdkVersion="26"
9        android:targetSdkVersion="34" />
10
11    <!-- Network -->
12    <uses-permission android:name="android.permission.INTERNET" />
12-->src/main/AndroidManifest.xml:5:5-67
12-->src/main/AndroidManifest.xml:5:22-64
13    <uses-permission android:name="android.permission.ACCESS_NETWORK_STATE" />
13-->src/main/AndroidManifest.xml:6:5-79
13-->src/main/AndroidManifest.xml:6:22-76
14
15    <!-- Wake lock to keep polling service alive -->
16    <uses-permission android:name="android.permission.WAKE_LOCK" />
16-->src/main/AndroidManifest.xml:9:5-68
16-->src/main/AndroidManifest.xml:9:22-65
17    <uses-permission android:name="android.permission.RECEIVE_BOOT_COMPLETED" />
17-->src/main/AndroidManifest.xml:10:5-81
17-->src/main/AndroidManifest.xml:10:22-78
18
19    <!-- Device Admin permissions for lock/unlock -->
20    <uses-permission android:name="android.permission.BIND_DEVICE_ADMIN" />
20-->src/main/AndroidManifest.xml:13:5-76
20-->src/main/AndroidManifest.xml:13:22-73
21
22    <!-- Foreground Service permissions (Required for Android 9+ & Android 14+ DataSync) -->
23    <uses-permission android:name="android.permission.FOREGROUND_SERVICE" />
23-->src/main/AndroidManifest.xml:16:5-77
23-->src/main/AndroidManifest.xml:16:22-74
24    <uses-permission android:name="android.permission.FOREGROUND_SERVICE_DATA_SYNC" />
24-->src/main/AndroidManifest.xml:17:5-87
24-->src/main/AndroidManifest.xml:17:22-84
25    <uses-permission android:name="android.permission.FOREGROUND_SERVICE_SPECIAL_USE" />
25-->src/main/AndroidManifest.xml:18:5-89
25-->src/main/AndroidManifest.xml:18:22-86
26
27    <!-- System overlay for kiosk lock screen -->
28    <uses-permission android:name="android.permission.SYSTEM_ALERT_WINDOW" />
28-->src/main/AndroidManifest.xml:21:5-78
28-->src/main/AndroidManifest.xml:21:22-75
29
30    <!-- Optional permission to read IMEI on Android 9 and below -->
31    <uses-permission android:name="android.permission.READ_PHONE_STATE" />
31-->src/main/AndroidManifest.xml:24:5-75
31-->src/main/AndroidManifest.xml:24:22-72
32
33    <!-- Camera for QR scanning -->
34    <uses-permission android:name="android.permission.CAMERA" />
34-->src/main/AndroidManifest.xml:27:5-65
34-->src/main/AndroidManifest.xml:27:22-62
35
36    <uses-feature
36-->src/main/AndroidManifest.xml:28:5-85
37        android:name="android.hardware.camera"
37-->src/main/AndroidManifest.xml:28:19-57
38        android:required="false" />
38-->src/main/AndroidManifest.xml:28:58-82
39
40    <!-- Install packages silently (requires Device Owner) -->
41    <uses-permission android:name="android.permission.REQUEST_INSTALL_PACKAGES" />
41-->src/main/AndroidManifest.xml:31:5-83
41-->src/main/AndroidManifest.xml:31:22-80
42
43    <permission
43-->[androidx.core:core:1.12.0] AndroidManifest.xml:22:5-24:47
44        android:name="com.rental.dpc.DYNAMIC_RECEIVER_NOT_EXPORTED_PERMISSION"
44-->[androidx.core:core:1.12.0] AndroidManifest.xml:23:9-81
45        android:protectionLevel="signature" />
45-->[androidx.core:core:1.12.0] AndroidManifest.xml:24:9-44
46
47    <uses-permission android:name="com.rental.dpc.DYNAMIC_RECEIVER_NOT_EXPORTED_PERMISSION" />
47-->[androidx.core:core:1.12.0] AndroidManifest.xml:26:5-97
47-->[androidx.core:core:1.12.0] AndroidManifest.xml:26:22-94
48
49    <uses-feature
49-->[com.journeyapps:zxing-android-embedded:4.3.0] AndroidManifest.xml:28:5-30:36
50        android:name="android.hardware.camera.front"
50-->[com.journeyapps:zxing-android-embedded:4.3.0] AndroidManifest.xml:29:9-53
51        android:required="false" /> <!-- TODO replace above two with next line after Android 4.2 -->
51-->[com.journeyapps:zxing-android-embedded:4.3.0] AndroidManifest.xml:30:9-33
52    <!-- <uses-feature android:name="android.hardware.camera.any"/> -->
53    <uses-feature
53-->[com.journeyapps:zxing-android-embedded:4.3.0] AndroidManifest.xml:33:5-35:36
54        android:name="android.hardware.camera.autofocus"
54-->[com.journeyapps:zxing-android-embedded:4.3.0] AndroidManifest.xml:34:9-57
55        android:required="false" />
55-->[com.journeyapps:zxing-android-embedded:4.3.0] AndroidManifest.xml:35:9-33
56    <uses-feature
56-->[com.journeyapps:zxing-android-embedded:4.3.0] AndroidManifest.xml:36:5-38:36
57        android:name="android.hardware.camera.flash"
57-->[com.journeyapps:zxing-android-embedded:4.3.0] AndroidManifest.xml:37:9-53
58        android:required="false" />
58-->[com.journeyapps:zxing-android-embedded:4.3.0] AndroidManifest.xml:38:9-33
59    <uses-feature
59-->[com.journeyapps:zxing-android-embedded:4.3.0] AndroidManifest.xml:39:5-41:36
60        android:name="android.hardware.screen.landscape"
60-->[com.journeyapps:zxing-android-embedded:4.3.0] AndroidManifest.xml:40:9-57
61        android:required="false" />
61-->[com.journeyapps:zxing-android-embedded:4.3.0] AndroidManifest.xml:41:9-33
62    <uses-feature
62-->[com.journeyapps:zxing-android-embedded:4.3.0] AndroidManifest.xml:42:5-44:36
63        android:name="android.hardware.wifi"
63-->[com.journeyapps:zxing-android-embedded:4.3.0] AndroidManifest.xml:43:9-45
64        android:required="false" />
64-->[com.journeyapps:zxing-android-embedded:4.3.0] AndroidManifest.xml:44:9-33
65
66    <application
66-->src/main/AndroidManifest.xml:33:5-97:19
67        android:allowBackup="false"
67-->src/main/AndroidManifest.xml:34:9-36
68        android:appComponentFactory="androidx.core.app.CoreComponentFactory"
68-->[androidx.core:core:1.12.0] AndroidManifest.xml:28:18-86
69        android:extractNativeLibs="false"
70        android:icon="@mipmap/ic_launcher"
70-->src/main/AndroidManifest.xml:35:9-43
71        android:label="@string/app_name"
71-->src/main/AndroidManifest.xml:36:9-41
72        android:roundIcon="@mipmap/ic_launcher_round"
72-->src/main/AndroidManifest.xml:37:9-54
73        android:supportsRtl="true"
73-->src/main/AndroidManifest.xml:38:9-35
74        android:theme="@style/Theme.AppCompat.NoActionBar"
74-->src/main/AndroidManifest.xml:39:9-59
75        android:usesCleartextTraffic="true" >
75-->src/main/AndroidManifest.xml:40:9-44
76
77        <!-- Main enrollment screen (hidden from recents after enrollment) -->
78        <activity
78-->src/main/AndroidManifest.xml:43:9-51:20
79            android:name="com.rental.dpc.MainActivity"
79-->src/main/AndroidManifest.xml:44:13-41
80            android:excludeFromRecents="true"
80-->src/main/AndroidManifest.xml:46:13-46
81            android:exported="true" >
81-->src/main/AndroidManifest.xml:45:13-36
82            <intent-filter>
82-->src/main/AndroidManifest.xml:47:13-50:29
83                <action android:name="android.intent.action.MAIN" />
83-->src/main/AndroidManifest.xml:48:17-69
83-->src/main/AndroidManifest.xml:48:25-66
84
85                <category android:name="android.intent.category.LAUNCHER" />
85-->src/main/AndroidManifest.xml:49:17-77
85-->src/main/AndroidManifest.xml:49:27-74
86            </intent-filter>
87        </activity>
88
89        <!-- Kiosk Lock Screen — shown over keyguard when LOCK command received -->
90        <activity
90-->src/main/AndroidManifest.xml:54:9-61:80
91            android:name="com.rental.dpc.LockActivity"
91-->src/main/AndroidManifest.xml:55:13-41
92            android:excludeFromRecents="true"
92-->src/main/AndroidManifest.xml:57:13-46
93            android:exported="false"
93-->src/main/AndroidManifest.xml:56:13-37
94            android:launchMode="singleInstance"
94-->src/main/AndroidManifest.xml:60:13-48
95            android:showOnLockScreen="true"
95-->src/main/AndroidManifest.xml:58:13-44
96            android:taskAffinity="com.rental.dpc.lock"
96-->src/main/AndroidManifest.xml:59:13-55
97            android:theme="@android:style/Theme.Black.NoTitleBar.Fullscreen" />
97-->src/main/AndroidManifest.xml:61:13-77
98
99        <!-- Device Admin Receiver - Required for lock/unlock commands -->
100        <receiver
100-->src/main/AndroidManifest.xml:64:9-74:20
101            android:name="com.rental.dpc.DpcAdminReceiver"
101-->src/main/AndroidManifest.xml:65:13-45
102            android:exported="true"
102-->src/main/AndroidManifest.xml:66:13-36
103            android:permission="android.permission.BIND_DEVICE_ADMIN" >
103-->src/main/AndroidManifest.xml:67:13-70
104            <meta-data
104-->src/main/AndroidManifest.xml:68:13-70:56
105                android:name="android.app.device_admin"
105-->src/main/AndroidManifest.xml:69:17-56
106                android:resource="@xml/device_admin" />
106-->src/main/AndroidManifest.xml:70:17-53
107
108            <intent-filter>
108-->src/main/AndroidManifest.xml:71:13-73:29
109                <action android:name="android.app.action.DEVICE_ADMIN_ENABLED" />
109-->src/main/AndroidManifest.xml:72:17-82
109-->src/main/AndroidManifest.xml:72:25-79
110            </intent-filter>
111        </receiver>
112
113        <!-- Boot receiver to restart polling after reboot -->
114        <receiver
114-->src/main/AndroidManifest.xml:77:9-83:20
115            android:name="com.rental.dpc.BootReceiver"
115-->src/main/AndroidManifest.xml:78:13-41
116            android:exported="true" >
116-->src/main/AndroidManifest.xml:79:13-36
117            <intent-filter>
117-->src/main/AndroidManifest.xml:80:13-82:29
118                <action android:name="android.intent.action.BOOT_COMPLETED" />
118-->src/main/AndroidManifest.xml:81:17-79
118-->src/main/AndroidManifest.xml:81:25-76
119            </intent-filter>
120        </receiver>
121
122        <!-- Background polling worker (via WorkManager) -->
123        <service
123-->src/main/AndroidManifest.xml:86:9-89:56
124            android:name="com.rental.dpc.DpcPollingService"
124-->src/main/AndroidManifest.xml:87:13-46
125            android:exported="false"
125-->src/main/AndroidManifest.xml:88:13-37
126            android:foregroundServiceType="dataSync" />
126-->src/main/AndroidManifest.xml:89:13-53
127
128        <!-- Kiosk lock overlay service -->
129        <service
129-->src/main/AndroidManifest.xml:92:9-95:58
130            android:name="com.rental.dpc.LockOverlayService"
130-->src/main/AndroidManifest.xml:93:13-47
131            android:exported="false"
131-->src/main/AndroidManifest.xml:94:13-37
132            android:foregroundServiceType="specialUse" />
132-->src/main/AndroidManifest.xml:95:13-55
133
134        <provider
134-->[androidx.emoji2:emoji2:1.2.0] AndroidManifest.xml:24:9-32:20
135            android:name="androidx.startup.InitializationProvider"
135-->[androidx.emoji2:emoji2:1.2.0] AndroidManifest.xml:25:13-67
136            android:authorities="com.rental.dpc.androidx-startup"
136-->[androidx.emoji2:emoji2:1.2.0] AndroidManifest.xml:26:13-68
137            android:exported="false" >
137-->[androidx.emoji2:emoji2:1.2.0] AndroidManifest.xml:27:13-37
138            <meta-data
138-->[androidx.emoji2:emoji2:1.2.0] AndroidManifest.xml:29:13-31:52
139                android:name="androidx.emoji2.text.EmojiCompatInitializer"
139-->[androidx.emoji2:emoji2:1.2.0] AndroidManifest.xml:30:17-75
140                android:value="androidx.startup" />
140-->[androidx.emoji2:emoji2:1.2.0] AndroidManifest.xml:31:17-49
141            <meta-data
141-->[androidx.lifecycle:lifecycle-process:2.6.1] AndroidManifest.xml:29:13-31:52
142                android:name="androidx.lifecycle.ProcessLifecycleInitializer"
142-->[androidx.lifecycle:lifecycle-process:2.6.1] AndroidManifest.xml:30:17-78
143                android:value="androidx.startup" />
143-->[androidx.lifecycle:lifecycle-process:2.6.1] AndroidManifest.xml:31:17-49
144            <meta-data
144-->[androidx.profileinstaller:profileinstaller:1.3.0] AndroidManifest.xml:29:13-31:52
145                android:name="androidx.profileinstaller.ProfileInstallerInitializer"
145-->[androidx.profileinstaller:profileinstaller:1.3.0] AndroidManifest.xml:30:17-85
146                android:value="androidx.startup" />
146-->[androidx.profileinstaller:profileinstaller:1.3.0] AndroidManifest.xml:31:17-49
147        </provider>
148
149        <receiver
149-->[androidx.profileinstaller:profileinstaller:1.3.0] AndroidManifest.xml:34:9-52:20
150            android:name="androidx.profileinstaller.ProfileInstallReceiver"
150-->[androidx.profileinstaller:profileinstaller:1.3.0] AndroidManifest.xml:35:13-76
151            android:directBootAware="false"
151-->[androidx.profileinstaller:profileinstaller:1.3.0] AndroidManifest.xml:36:13-44
152            android:enabled="true"
152-->[androidx.profileinstaller:profileinstaller:1.3.0] AndroidManifest.xml:37:13-35
153            android:exported="true"
153-->[androidx.profileinstaller:profileinstaller:1.3.0] AndroidManifest.xml:38:13-36
154            android:permission="android.permission.DUMP" >
154-->[androidx.profileinstaller:profileinstaller:1.3.0] AndroidManifest.xml:39:13-57
155            <intent-filter>
155-->[androidx.profileinstaller:profileinstaller:1.3.0] AndroidManifest.xml:40:13-42:29
156                <action android:name="androidx.profileinstaller.action.INSTALL_PROFILE" />
156-->[androidx.profileinstaller:profileinstaller:1.3.0] AndroidManifest.xml:41:17-91
156-->[androidx.profileinstaller:profileinstaller:1.3.0] AndroidManifest.xml:41:25-88
157            </intent-filter>
158            <intent-filter>
158-->[androidx.profileinstaller:profileinstaller:1.3.0] AndroidManifest.xml:43:13-45:29
159                <action android:name="androidx.profileinstaller.action.SKIP_FILE" />
159-->[androidx.profileinstaller:profileinstaller:1.3.0] AndroidManifest.xml:44:17-85
159-->[androidx.profileinstaller:profileinstaller:1.3.0] AndroidManifest.xml:44:25-82
160            </intent-filter>
161            <intent-filter>
161-->[androidx.profileinstaller:profileinstaller:1.3.0] AndroidManifest.xml:46:13-48:29
162                <action android:name="androidx.profileinstaller.action.SAVE_PROFILE" />
162-->[androidx.profileinstaller:profileinstaller:1.3.0] AndroidManifest.xml:47:17-88
162-->[androidx.profileinstaller:profileinstaller:1.3.0] AndroidManifest.xml:47:25-85
163            </intent-filter>
164            <intent-filter>
164-->[androidx.profileinstaller:profileinstaller:1.3.0] AndroidManifest.xml:49:13-51:29
165                <action android:name="androidx.profileinstaller.action.BENCHMARK_OPERATION" />
165-->[androidx.profileinstaller:profileinstaller:1.3.0] AndroidManifest.xml:50:17-95
165-->[androidx.profileinstaller:profileinstaller:1.3.0] AndroidManifest.xml:50:25-92
166            </intent-filter>
167        </receiver>
168
169        <activity
169-->[com.journeyapps:zxing-android-embedded:4.3.0] AndroidManifest.xml:47:9-53:63
170            android:name="com.journeyapps.barcodescanner.CaptureActivity"
170-->[com.journeyapps:zxing-android-embedded:4.3.0] AndroidManifest.xml:48:13-74
171            android:clearTaskOnLaunch="true"
171-->[com.journeyapps:zxing-android-embedded:4.3.0] AndroidManifest.xml:49:13-45
172            android:screenOrientation="sensorLandscape"
172-->[com.journeyapps:zxing-android-embedded:4.3.0] AndroidManifest.xml:50:13-56
173            android:stateNotNeeded="true"
173-->[com.journeyapps:zxing-android-embedded:4.3.0] AndroidManifest.xml:51:13-42
174            android:theme="@style/zxing_CaptureTheme"
174-->[com.journeyapps:zxing-android-embedded:4.3.0] AndroidManifest.xml:52:13-54
175            android:windowSoftInputMode="stateAlwaysHidden" />
175-->[com.journeyapps:zxing-android-embedded:4.3.0] AndroidManifest.xml:53:13-60
176    </application>
177
178</manifest>